<?xml version="1.0" encoding="UTF-8"?>
<testng-results skipped="0" failed="0" ignored="0" total="1" passed="1">
  <reporter-output>
  </reporter-output>
  <suite name="Suite" duration-ms="88519" started-at="2022-04-24T07:53:12 IST" finished-at="2022-04-24T07:54:40 IST">
    <groups>
    </groups>
    <test name="Test" duration-ms="88519" started-at="2022-04-24T07:53:12 IST" finished-at="2022-04-24T07:54:40 IST">
      <class name="com.mock_project.login.loginTest">
        <test-method status="PASS" signature="loginTestMethod()[pri:0, instance:com.mock_project.login.loginTest@80503]" name="loginTestMethod" duration-ms="88383" started-at="2022-04-24T07:53:12 IST" finished-at="2022-04-24T07:54:40 IST">
          <reporter-output>
          </reporter-output>
        </test-method> <!-- loginTestMethod -->
      </class> <!-- com.mock_project.login.loginTest -->
    </test> <!-- Test -->
  </suite> <!-- Suite -->
</testng-results>
